# JRE version: OpenJDK Runtime Environment Microsoft-8035246 (17.0.8+7) (build 17.0.8+7-LTS)
# Java VM: OpenJDK 64-Bit Server VM Microsoft-8035246 (17.0.8+7-LTS, mixed mode, sharing, tiered, compressed oops, compressed class ptrs, g1 gc, windows-amd64)
GC Precious Log:
 CPUs: 8 total, 8 available
 Memory: 7914M
 Large Page Support: Disabled
 NUMA Support: Disabled
 Compressed Oops: Enabled (32-bit)
 Heap Region Size: 1M
 Heap Min Capacity: 8M
 Heap Initial Capacity: 124M
 Heap Max Capacity: 2G
 Pre-touch: Disabled
 Parallel Workers: 8
 Concurrent Workers: 2
 Concurrent Refinement Workers: 8
 Periodic GC: Disabled
Heap:
 garbage-first heap   total 329728K, used 212238K [0x0000000080000000, 0x0000000100000000)
  region size 1024K, 27 young (27648K), 10 survivors (10240K)
 Metaspace       used 103479K, committed 104576K, reserved 557056K
  class space    used 14277K, committed 14784K, reserved 425984K
GC Heap History (20 events):
Event: 41.970 GC heap before
{Heap before GC invocations=54 (full 0):
 garbage-first heap   total 164864K, used 131997K [0x0000000080000000, 0x0000000100000000)
  region size 1024K, 38 young (38912K), 1 survivors (1024K)
 Metaspace       used 82670K, committed 83520K, reserved 557056K
  class space    used 11489K, committed 11904K, reserved 425984K
}
Event: 41.975 GC heap after
{Heap after GC invocations=55 (full 0):
 garbage-first heap   total 329728K, used 93701K [0x0000000080000000, 0x0000000100000000)
  region size 1024K, 2 young (2048K), 2 survivors (2048K)
 Metaspace       used 82670K, committed 83520K, reserved 557056K
  class space    used 11489K, committed 11904K, reserved 425984K
}
Event: 51.347 GC heap before
{Heap before GC invocations=55 (full 0):
 garbage-first heap   total 329728K, used 240133K [0x0000000080000000, 0x0000000100000000)
  region size 1024K, 142 young (145408K), 2 survivors (2048K)
 Metaspace       used 89248K, committed 90112K, reserved 557056K
  class space    used 12522K, committed 12928K, reserved 425984K
}
Event: 51.365 GC heap after
{Heap after GC invocations=56 (full 0):
 garbage-first heap   total 329728K, used 113334K [0x0000000080000000, 0x0000000100000000)
  region size 1024K, 17 young (17408K), 17 survivors (17408K)
 Metaspace       used 89248K, committed 90112K, reserved 557056K
  class space    used 12522K, committed 12928K, reserved 425984K
}
Event: 56.192 GC heap before
{Heap before GC invocations=56 (full 0):
 garbage-first heap   total 329728K, used 257718K [0x0000000080000000, 0x0000000100000000)
  region size 1024K, 151 young (154624K), 17 survivors (17408K)
 Metaspace       used 92140K, committed 93184K, reserved 557056K
  class space    used 12842K, committed 13312K, reserved 425984K
}
Event: 56.262 GC heap after
{Heap after GC invocations=57 (full 0):
 garbage-first heap   total 329728K, used 148917K [0x0000000080000000, 0x0000000100000000)
  region size 1024K, 19 young (19456K), 19 survivors (19456K)
 Metaspace       used 92140K, committed 93184K, reserved 557056K
  class space    used 12842K, committed 13312K, reserved 425984K
}
Event: 59.017 GC heap before
{Heap before GC invocations=57 (full 0):
 garbage-first heap   total 329728K, used 247221K [0x0000000080000000, 0x0000000100000000)
  region size 1024K, 115 young (117760K), 19 survivors (19456K)
 Metaspace       used 98395K, committed 99456K, reserved 557056K
  class space    used 13723K, committed 14208K, reserved 425984K
}
Event: 59.066 GC heap after
{Heap after GC invocations=58 (full 0):
 garbage-first heap   total 329728K, used 158238K [0x0000000080000000, 0x0000000100000000)
  region size 1024K, 8 young (8192K), 8 survivors (8192K)
 Metaspace       used 98395K, committed 99456K, reserved 557056K
  class space    used 13723K, committed 14208K, reserved 425984K
}
Event: 60.866 GC heap before
{Heap before GC invocations=59 (full 0):
 garbage-first heap   total 329728K, used 254494K [0x0000000080000000, 0x0000000100000000)
  region size 1024K, 103 young (105472K), 8 survivors (8192K)
 Metaspace       used 100221K, committed 101312K, reserved 557056K
  class space    used 13905K, committed 14400K, reserved 425984K
}
Event: 60.895 GC heap after
{Heap after GC invocations=60 (full 0):
 garbage-first heap   total 329728K, used 169928K [0x0000000080000000, 0x0000000100000000)
  region size 1024K, 13 young (13312K), 13 survivors (13312K)
 Metaspace       used 100221K, committed 101312K, reserved 557056K
  class space    used 13905K, committed 14400K, reserved 425984K
}
Event: 60.994 GC heap before
{Heap before GC invocations=60 (full 0):
 garbage-first heap   total 329728K, used 173000K [0x0000000080000000, 0x0000000100000000)
  region size 1024K, 16 young (16384K), 13 survivors (13312K)
 Metaspace       used 100517K, committed 101568K, reserved 557056K
  class space    used 13931K, committed 14400K, reserved 425984K
}
Event: 61.009 GC heap after
{Heap after GC invocations=61 (full 0):
 garbage-first heap   total 329728K, used 172666K [0x0000000080000000, 0x0000000100000000)
  region size 1024K, 2 young (2048K), 2 survivors (2048K)
 Metaspace       used 100517K, committed 101568K, reserved 557056K
  class space    used 13931K, committed 14400K, reserved 425984K
}
Event: 62.648 GC heap before
{Heap before GC invocations=61 (full 0):
 garbage-first heap   total 329728K, used 265850K [0x0000000080000000, 0x0000000100000000)
  region size 1024K, 89 young (91136K), 2 survivors (2048K)
 Metaspace       used 102958K, committed 104064K, reserved 557056K
  class space    used 14239K, committed 14720K, reserved 425984K
}
Event: 62.659 GC heap after
{Heap after GC invocations=62 (full 0):
 garbage-first heap   total 329728K, used 177781K [0x0000000080000000, 0x0000000100000000)
  region size 1024K, 7 young (7168K), 7 survivors (7168K)
 Metaspace       used 102958K, committed 104064K, reserved 557056K
  class space    used 14239K, committed 14720K, reserved 425984K
}
Event: 64.033 GC heap before
{Heap before GC invocations=62 (full 0):
 garbage-first heap   total 329728K, used 271989K [0x0000000080000000, 0x0000000100000000)
  region size 1024K, 92 young (94208K), 7 survivors (7168K)
 Metaspace       used 103084K, committed 104192K, reserved 557056K
  class space    used 14244K, committed 14720K, reserved 425984K
}
Event: 64.044 GC heap after
{Heap after GC invocations=63 (full 0):
 garbage-first heap   total 329728K, used 183828K [0x0000000080000000, 0x0000000100000000)
  region size 1024K, 7 young (7168K), 7 survivors (7168K)
 Metaspace       used 103084K, committed 104192K, reserved 557056K
  class space    used 14244K, committed 14720K, reserved 425984K
}
Event: 64.838 GC heap before
{Heap before GC invocations=63 (full 0):
 garbage-first heap   total 329728K, used 237076K [0x0000000080000000, 0x0000000100000000)
  region size 1024K, 53 young (54272K), 7 survivors (7168K)
 Metaspace       used 103258K, committed 104384K, reserved 557056K
  class space    used 14256K, committed 14784K, reserved 425984K
}
Event: 64.848 GC heap after
{Heap after GC invocations=64 (full 0):
 garbage-first heap   total 329728K, used 187634K [0x0000000080000000, 0x0000000100000000)
  region size 1024K, 10 young (10240K), 10 survivors (10240K)
 Metaspace       used 103258K, committed 104384K, reserved 557056K
  class space    used 14256K, committed 14784K, reserved 425984K
}
Event: 66.319 GC heap before
{Heap before GC invocations=64 (full 0):
 garbage-first heap   total 329728K, used 271602K [0x0000000080000000, 0x0000000100000000)
  region size 1024K, 86 young (88064K), 10 survivors (10240K)
 Metaspace       used 103437K, committed 104576K, reserved 557056K
  class space    used 14269K, committed 14784K, reserved 425984K
}
Event: 66.334 GC heap after
{Heap after GC invocations=65 (full 0):
 garbage-first heap   total 329728K, used 192782K [0x0000000080000000, 0x0000000100000000)
  region size 1024K, 10 young (10240K), 10 survivors (10240K)
 Metaspace       used 103437K, committed 104576K, reserved 557056K
  class space    used 14269K, committed 14784K, reserved 425984K
}

